   1               		.file	"Watchdog.c"
   2               	__SP_H__ = 0x3e
   3               	__SP_L__ = 0x3d
   4               	__SREG__ = 0x3f
   5               	__RAMPZ__ = 0x3b
   6               	__tmp_reg__ = 0
   7               	__zero_reg__ = 1
   8               		.text
   9               	.Ltext0:
  10               		.cfi_sections	.debug_frame
  11               		.section	.text.morse_character,"ax",@progbits
  12               	.global	morse_character
  14               	morse_character:
  15               	.LFB8:
  16               		.file 1 "Watchdog.c"
   1:Watchdog.c    **** /* LED Blink Example with USB Debug Channel for Teensy USB Development Board
   2:Watchdog.c    ****  * http://www.pjrc.com/teensy/
   3:Watchdog.c    ****  * Copyright (c) 2008, 2010 PJRC.COM, LLC
   4:Watchdog.c    ****  * 
   5:Watchdog.c    ****  * Permission is hereby granted, free of charge, to any person obtaining a copy
   6:Watchdog.c    ****  * of this software and associated documentation files (the "Software"), to deal
   7:Watchdog.c    ****  * in the Software without restriction, including without limitation the rights
   8:Watchdog.c    ****  * to use, copy, modify, merge, publish, distribute, sublicense, and/or sell
   9:Watchdog.c    ****  * copies of the Software, and to permit persons to whom the Software is
  10:Watchdog.c    ****  * furnished to do so, subject to the following conditions:
  11:Watchdog.c    ****  * 
  12:Watchdog.c    ****  * The above copyright notice and this permission notice shall be included in
  13:Watchdog.c    ****  * all copies or substantial portions of the Software.
  14:Watchdog.c    ****  * 
  15:Watchdog.c    ****  * THE SOFTWARE IS PROVIDED "AS IS", WITHOUT WARRANTY OF ANY KIND, EXPRESS OR
  16:Watchdog.c    ****  * IMPLIED, INCLUDING BUT NOT LIMITED TO THE WARRANTIES OF MERCHANTABILITY,
  17:Watchdog.c    ****  * FITNESS FOR A PARTICULAR PURPOSE AND NONINFRINGEMENT. IN NO EVENT SHALL THE
  18:Watchdog.c    ****  * AUTHORS OR COPYRIGHT HOLDERS BE LIABLE FOR ANY CLAIM, DAMAGES OR OTHER
  19:Watchdog.c    ****  * LIABILITY, WHETHER IN AN ACTION OF CONTRACT, TORT OR OTHERWISE, ARISING FROM,
  20:Watchdog.c    ****  * OUT OF OR IN CONNECTION WITH THE SOFTWARE OR THE USE OR OTHER DEALINGS IN
  21:Watchdog.c    ****  * THE SOFTWARE.
  22:Watchdog.c    ****  */
  23:Watchdog.c    **** 
  24:Watchdog.c    **** #include <avr/io.h>
  25:Watchdog.c    **** #include <avr/pgmspace.h>
  26:Watchdog.c    **** #include <util/delay.h>
  27:Watchdog.c    **** #include "usb_debug_only.h"
  28:Watchdog.c    **** #include "print.h"
  29:Watchdog.c    **** 
  30:Watchdog.c    **** 
  31:Watchdog.c    **** // Teensy 2.0: LED is active high
  32:Watchdog.c    **** #if defined(__AVR_ATmega32U4__) || defined(__AVR_AT90USB1286__)
  33:Watchdog.c    **** #define LED_ON		(PORTD |= (1<<6))
  34:Watchdog.c    **** #define LED_OFF		(PORTD &= ~(1<<6))
  35:Watchdog.c    **** 
  36:Watchdog.c    **** // Teensy 1.0: LED is active low
  37:Watchdog.c    **** #else
  38:Watchdog.c    **** #define LED_ON	(PORTD &= ~(1<<6))
  39:Watchdog.c    **** #define LED_OFF	(PORTD |= (1<<6))
  40:Watchdog.c    **** #endif
  41:Watchdog.c    **** 
  42:Watchdog.c    **** #define LED_CONFIG	(DDRD |= (1<<6))
  43:Watchdog.c    **** #define CPU_PRESCALE(n)	(CLKPR = 0x80, CLKPR = (n))
  44:Watchdog.c    **** #define DIT 80		/* unit time for morse code */
  45:Watchdog.c    **** 
  46:Watchdog.c    **** void morse_character(char c);
  47:Watchdog.c    **** void morse_P(const char *s);
  48:Watchdog.c    **** const unsigned char morse_code_table[];
  49:Watchdog.c    **** 
  50:Watchdog.c    **** 
  51:Watchdog.c    **** int main(void)
  52:Watchdog.c    **** {
  53:Watchdog.c    **** 	unsigned char i;
  54:Watchdog.c    **** 
  55:Watchdog.c    **** 	// set for 16 MHz clock, and make sure the LED is off
  56:Watchdog.c    **** 	CPU_PRESCALE(0);
  57:Watchdog.c    **** 	LED_CONFIG;
  58:Watchdog.c    **** 	LED_OFF;
  59:Watchdog.c    **** 
  60:Watchdog.c    **** 	// initialize the USB, but don't want for the host to
  61:Watchdog.c    **** 	// configure.  The first several messages sent will be
  62:Watchdog.c    **** 	// lost because the PC hasn't configured the USB yet,
  63:Watchdog.c    **** 	// but we care more about blinking than debug messages!
  64:Watchdog.c    **** 	usb_init();
  65:Watchdog.c    **** 
  66:Watchdog.c    **** 	// blink morse code messages!
  67:Watchdog.c    **** 	while (1) {
  68:Watchdog.c    **** 		for (i=0; i<6; i++) {
  69:Watchdog.c    **** 			morse_P(PSTR("SOS"));
  70:Watchdog.c    **** 			_delay_ms(1500);
  71:Watchdog.c    **** 		}
  72:Watchdog.c    **** 		morse_P(PSTR("DOES ANYBODY STILL KNOW MORSE CODE?"));
  73:Watchdog.c    **** 		_delay_ms(4000);
  74:Watchdog.c    **** 	}
  75:Watchdog.c    **** }
  76:Watchdog.c    **** 
  77:Watchdog.c    **** // blink a single character in Morse code
  78:Watchdog.c    **** void morse_character(char c)
  79:Watchdog.c    **** {
  17               		.loc 1 79 0
  18               		.cfi_startproc
  19               	.LVL0:
  20 0000 CF93      		push r28
  21               	.LCFI0:
  22               		.cfi_def_cfa_offset 3
  23               		.cfi_offset 28, -2
  24 0002 DF93      		push r29
  25               	.LCFI1:
  26               		.cfi_def_cfa_offset 4
  27               		.cfi_offset 29, -3
  28               	/* prologue: function */
  29               	/* frame size = 0 */
  30               	/* stack size = 2 */
  31               	.L__stack_usage = 2
  32 0004 C82F      		mov r28,r24
  80:Watchdog.c    **** 	unsigned char code, count;
  81:Watchdog.c    **** 
  82:Watchdog.c    **** 	if (c == ' ') {
  33               		.loc 1 82 0
  34 0006 8032      		cpi r24,lo8(32)
  35 0008 01F4      		brne .L2
  83:Watchdog.c    **** 		print("Space\n");
  36               		.loc 1 83 0
  37 000a 80E0      		ldi r24,lo8(__c.1784)
  38 000c 90E0      		ldi r25,hi8(__c.1784)
  39               	.LVL1:
  40 000e 0E94 0000 		call print_P
  41               	.LVL2:
  42               	.LBB26:
  43               	.LBB27:
  44               		.file 2 "/usr/local/CrossPack-AVR-20131216/avr/include/util/delay.h"
   1:/usr/local/CrossPack-AVR-20131216/avr/include/util/delay.h **** /* Copyright (c) 2002, Marek Michalkiewicz
   2:/usr/local/CrossPack-AVR-20131216/avr/include/util/delay.h ****    Copyright (c) 2004,2005,2007 Joerg Wunsch
   3:/usr/local/CrossPack-AVR-20131216/avr/include/util/delay.h ****    Copyright (c) 2007  Florin-Viorel Petrov
   4:/usr/local/CrossPack-AVR-20131216/avr/include/util/delay.h ****    All rights reserved.
   5:/usr/local/CrossPack-AVR-20131216/avr/include/util/delay.h **** 
   6:/usr/local/CrossPack-AVR-20131216/avr/include/util/delay.h ****    Redistribution and use in source and binary forms, with or without
   7:/usr/local/CrossPack-AVR-20131216/avr/include/util/delay.h ****    modification, are permitted provided that the following conditions are met:
   8:/usr/local/CrossPack-AVR-20131216/avr/include/util/delay.h **** 
   9:/usr/local/CrossPack-AVR-20131216/avr/include/util/delay.h ****    * Redistributions of source code must retain the above copyright
  10:/usr/local/CrossPack-AVR-20131216/avr/include/util/delay.h ****      notice, this list of conditions and the following disclaimer.
  11:/usr/local/CrossPack-AVR-20131216/avr/include/util/delay.h **** 
  12:/usr/local/CrossPack-AVR-20131216/avr/include/util/delay.h ****    * Redistributions in binary form must reproduce the above copyright
  13:/usr/local/CrossPack-AVR-20131216/avr/include/util/delay.h ****      notice, this list of conditions and the following disclaimer in
  14:/usr/local/CrossPack-AVR-20131216/avr/include/util/delay.h ****      the documentation and/or other materials provided with the
  15:/usr/local/CrossPack-AVR-20131216/avr/include/util/delay.h ****      distribution.
  16:/usr/local/CrossPack-AVR-20131216/avr/include/util/delay.h **** 
  17:/usr/local/CrossPack-AVR-20131216/avr/include/util/delay.h ****    * Neither the name of the copyright holders nor the names of
  18:/usr/local/CrossPack-AVR-20131216/avr/include/util/delay.h ****      contributors may be used to endorse or promote products derived
  19:/usr/local/CrossPack-AVR-20131216/avr/include/util/delay.h ****      from this software without specific prior written permission.
  20:/usr/local/CrossPack-AVR-20131216/avr/include/util/delay.h **** 
  21:/usr/local/CrossPack-AVR-20131216/avr/include/util/delay.h ****   THIS SOFTWARE IS PROVIDED BY THE COPYRIGHT HOLDERS AND CONTRIBUTORS "AS IS"
  22:/usr/local/CrossPack-AVR-20131216/avr/include/util/delay.h ****   AND ANY EXPRESS OR IMPLIED WARRANTIES, INCLUDING, BUT NOT LIMITED TO, THE
  23:/usr/local/CrossPack-AVR-20131216/avr/include/util/delay.h ****   IMPLIED WARRANTIES OF MERCHANTABILITY AND FITNESS FOR A PARTICULAR PURPOSE
  24:/usr/local/CrossPack-AVR-20131216/avr/include/util/delay.h ****   ARE DISCLAIMED. IN NO EVENT SHALL THE COPYRIGHT OWNER OR CONTRIBUTORS BE
  25:/usr/local/CrossPack-AVR-20131216/avr/include/util/delay.h ****   LIABLE FOR ANY DIRECT, INDIRECT, INCIDENTAL, SPECIAL, EXEMPLARY, OR
  26:/usr/local/CrossPack-AVR-20131216/avr/include/util/delay.h ****   CONSEQUENTIAL DAMAGES (INCLUDING, BUT NOT LIMITED TO, PROCUREMENT OF
  27:/usr/local/CrossPack-AVR-20131216/avr/include/util/delay.h ****   SUBSTITUTE GOODS OR SERVICES; LOSS OF USE, DATA, OR PROFITS; OR BUSINESS
  28:/usr/local/CrossPack-AVR-20131216/avr/include/util/delay.h ****   INTERRUPTION) HOWEVER CAUSED AND ON ANY THEORY OF LIABILITY, WHETHER IN
  29:/usr/local/CrossPack-AVR-20131216/avr/include/util/delay.h ****   CONTRACT, STRICT LIABILITY, OR TORT (INCLUDING NEGLIGENCE OR OTHERWISE)
  30:/usr/local/CrossPack-AVR-20131216/avr/include/util/delay.h ****   ARISING IN ANY WAY OUT OF THE USE OF THIS SOFTWARE, EVEN IF ADVISED OF THE
  31:/usr/local/CrossPack-AVR-20131216/avr/include/util/delay.h ****   POSSIBILITY OF SUCH DAMAGE. */
  32:/usr/local/CrossPack-AVR-20131216/avr/include/util/delay.h **** 
  33:/usr/local/CrossPack-AVR-20131216/avr/include/util/delay.h **** /* $Id$ */
  34:/usr/local/CrossPack-AVR-20131216/avr/include/util/delay.h **** 
  35:/usr/local/CrossPack-AVR-20131216/avr/include/util/delay.h **** #ifndef _UTIL_DELAY_H_
  36:/usr/local/CrossPack-AVR-20131216/avr/include/util/delay.h **** #define _UTIL_DELAY_H_ 1
  37:/usr/local/CrossPack-AVR-20131216/avr/include/util/delay.h **** 
  38:/usr/local/CrossPack-AVR-20131216/avr/include/util/delay.h **** #ifndef __HAS_DELAY_CYCLES
  39:/usr/local/CrossPack-AVR-20131216/avr/include/util/delay.h **** #define __HAS_DELAY_CYCLES 1
  40:/usr/local/CrossPack-AVR-20131216/avr/include/util/delay.h **** #endif
  41:/usr/local/CrossPack-AVR-20131216/avr/include/util/delay.h **** 
  42:/usr/local/CrossPack-AVR-20131216/avr/include/util/delay.h **** #include <inttypes.h>
  43:/usr/local/CrossPack-AVR-20131216/avr/include/util/delay.h **** #include <util/delay_basic.h>
  44:/usr/local/CrossPack-AVR-20131216/avr/include/util/delay.h **** #include <math.h>
  45:/usr/local/CrossPack-AVR-20131216/avr/include/util/delay.h **** 
  46:/usr/local/CrossPack-AVR-20131216/avr/include/util/delay.h **** /** \file */
  47:/usr/local/CrossPack-AVR-20131216/avr/include/util/delay.h **** /** \defgroup util_delay <util/delay.h>: Convenience functions for busy-wait delay loops
  48:/usr/local/CrossPack-AVR-20131216/avr/include/util/delay.h ****     \code
  49:/usr/local/CrossPack-AVR-20131216/avr/include/util/delay.h ****     #define F_CPU 1000000UL  // 1 MHz
  50:/usr/local/CrossPack-AVR-20131216/avr/include/util/delay.h ****     //#define F_CPU 14.7456E6
  51:/usr/local/CrossPack-AVR-20131216/avr/include/util/delay.h ****     #include <util/delay.h>
  52:/usr/local/CrossPack-AVR-20131216/avr/include/util/delay.h ****     \endcode
  53:/usr/local/CrossPack-AVR-20131216/avr/include/util/delay.h **** 
  54:/usr/local/CrossPack-AVR-20131216/avr/include/util/delay.h ****     \note As an alternative method, it is possible to pass the
  55:/usr/local/CrossPack-AVR-20131216/avr/include/util/delay.h ****     F_CPU macro down to the compiler from the Makefile.
  56:/usr/local/CrossPack-AVR-20131216/avr/include/util/delay.h ****     Obviously, in that case, no \c \#define statement should be
  57:/usr/local/CrossPack-AVR-20131216/avr/include/util/delay.h ****     used.
  58:/usr/local/CrossPack-AVR-20131216/avr/include/util/delay.h **** 
  59:/usr/local/CrossPack-AVR-20131216/avr/include/util/delay.h ****     The functions in this header file are wrappers around the basic
  60:/usr/local/CrossPack-AVR-20131216/avr/include/util/delay.h ****     busy-wait functions from <util/delay_basic.h>.  They are meant as
  61:/usr/local/CrossPack-AVR-20131216/avr/include/util/delay.h ****     convenience functions where actual time values can be specified
  62:/usr/local/CrossPack-AVR-20131216/avr/include/util/delay.h ****     rather than a number of cycles to wait for.  The idea behind is
  63:/usr/local/CrossPack-AVR-20131216/avr/include/util/delay.h ****     that compile-time constant expressions will be eliminated by
  64:/usr/local/CrossPack-AVR-20131216/avr/include/util/delay.h ****     compiler optimization so floating-point expressions can be used
  65:/usr/local/CrossPack-AVR-20131216/avr/include/util/delay.h ****     to calculate the number of delay cycles needed based on the CPU
  66:/usr/local/CrossPack-AVR-20131216/avr/include/util/delay.h ****     frequency passed by the macro F_CPU.
  67:/usr/local/CrossPack-AVR-20131216/avr/include/util/delay.h **** 
  68:/usr/local/CrossPack-AVR-20131216/avr/include/util/delay.h ****     \note In order for these functions to work as intended, compiler
  69:/usr/local/CrossPack-AVR-20131216/avr/include/util/delay.h ****     optimizations <em>must</em> be enabled, and the delay time
  70:/usr/local/CrossPack-AVR-20131216/avr/include/util/delay.h ****     <em>must</em> be an expression that is a known constant at
  71:/usr/local/CrossPack-AVR-20131216/avr/include/util/delay.h ****     compile-time.  If these requirements are not met, the resulting
  72:/usr/local/CrossPack-AVR-20131216/avr/include/util/delay.h ****     delay will be much longer (and basically unpredictable), and
  73:/usr/local/CrossPack-AVR-20131216/avr/include/util/delay.h ****     applications that otherwise do not use floating-point calculations
  74:/usr/local/CrossPack-AVR-20131216/avr/include/util/delay.h ****     will experience severe code bloat by the floating-point library
  75:/usr/local/CrossPack-AVR-20131216/avr/include/util/delay.h ****     routines linked into the application.
  76:/usr/local/CrossPack-AVR-20131216/avr/include/util/delay.h **** 
  77:/usr/local/CrossPack-AVR-20131216/avr/include/util/delay.h ****     The functions available allow the specification of microsecond, and
  78:/usr/local/CrossPack-AVR-20131216/avr/include/util/delay.h ****     millisecond delays directly, using the application-supplied macro
  79:/usr/local/CrossPack-AVR-20131216/avr/include/util/delay.h ****     F_CPU as the CPU clock frequency (in Hertz).
  80:/usr/local/CrossPack-AVR-20131216/avr/include/util/delay.h **** 
  81:/usr/local/CrossPack-AVR-20131216/avr/include/util/delay.h **** */
  82:/usr/local/CrossPack-AVR-20131216/avr/include/util/delay.h **** 
  83:/usr/local/CrossPack-AVR-20131216/avr/include/util/delay.h **** #if !defined(__DOXYGEN__)
  84:/usr/local/CrossPack-AVR-20131216/avr/include/util/delay.h **** static inline void _delay_us(double __us) __attribute__((always_inline));
  85:/usr/local/CrossPack-AVR-20131216/avr/include/util/delay.h **** static inline void _delay_ms(double __ms) __attribute__((always_inline));
  86:/usr/local/CrossPack-AVR-20131216/avr/include/util/delay.h **** #endif
  87:/usr/local/CrossPack-AVR-20131216/avr/include/util/delay.h **** 
  88:/usr/local/CrossPack-AVR-20131216/avr/include/util/delay.h **** #ifndef F_CPU
  89:/usr/local/CrossPack-AVR-20131216/avr/include/util/delay.h **** /* prevent compiler error by supplying a default */
  90:/usr/local/CrossPack-AVR-20131216/avr/include/util/delay.h **** # warning "F_CPU not defined for <util/delay.h>"
  91:/usr/local/CrossPack-AVR-20131216/avr/include/util/delay.h **** # define F_CPU 1000000UL
  92:/usr/local/CrossPack-AVR-20131216/avr/include/util/delay.h **** #endif
  93:/usr/local/CrossPack-AVR-20131216/avr/include/util/delay.h **** 
  94:/usr/local/CrossPack-AVR-20131216/avr/include/util/delay.h **** #ifndef __OPTIMIZE__
  95:/usr/local/CrossPack-AVR-20131216/avr/include/util/delay.h **** # warning "Compiler optimizations disabled; functions from <util/delay.h> won't work as designed"
  96:/usr/local/CrossPack-AVR-20131216/avr/include/util/delay.h **** #endif
  97:/usr/local/CrossPack-AVR-20131216/avr/include/util/delay.h **** 
  98:/usr/local/CrossPack-AVR-20131216/avr/include/util/delay.h **** #if __HAS_DELAY_CYCLES && defined(__OPTIMIZE__) && \
  99:/usr/local/CrossPack-AVR-20131216/avr/include/util/delay.h ****   !defined(__DELAY_BACKWARD_COMPATIBLE__) &&	   \
 100:/usr/local/CrossPack-AVR-20131216/avr/include/util/delay.h ****   __STDC_HOSTED__
 101:/usr/local/CrossPack-AVR-20131216/avr/include/util/delay.h **** #  include <math.h>
 102:/usr/local/CrossPack-AVR-20131216/avr/include/util/delay.h **** #endif
 103:/usr/local/CrossPack-AVR-20131216/avr/include/util/delay.h **** 
 104:/usr/local/CrossPack-AVR-20131216/avr/include/util/delay.h **** /**
 105:/usr/local/CrossPack-AVR-20131216/avr/include/util/delay.h ****    \ingroup util_delay
 106:/usr/local/CrossPack-AVR-20131216/avr/include/util/delay.h **** 
 107:/usr/local/CrossPack-AVR-20131216/avr/include/util/delay.h ****    Perform a delay of \c __ms milliseconds, using _delay_loop_2().
 108:/usr/local/CrossPack-AVR-20131216/avr/include/util/delay.h **** 
 109:/usr/local/CrossPack-AVR-20131216/avr/include/util/delay.h ****    The macro F_CPU is supposed to be defined to a
 110:/usr/local/CrossPack-AVR-20131216/avr/include/util/delay.h ****    constant defining the CPU clock frequency (in Hertz).
 111:/usr/local/CrossPack-AVR-20131216/avr/include/util/delay.h **** 
 112:/usr/local/CrossPack-AVR-20131216/avr/include/util/delay.h ****    The maximal possible delay is 262.14 ms / F_CPU in MHz.
 113:/usr/local/CrossPack-AVR-20131216/avr/include/util/delay.h **** 
 114:/usr/local/CrossPack-AVR-20131216/avr/include/util/delay.h ****    When the user request delay which exceed the maximum possible one,
 115:/usr/local/CrossPack-AVR-20131216/avr/include/util/delay.h ****    _delay_ms() provides a decreased resolution functionality. In this
 116:/usr/local/CrossPack-AVR-20131216/avr/include/util/delay.h ****    mode _delay_ms() will work with a resolution of 1/10 ms, providing
 117:/usr/local/CrossPack-AVR-20131216/avr/include/util/delay.h ****    delays up to 6.5535 seconds (independent from CPU frequency).  The
 118:/usr/local/CrossPack-AVR-20131216/avr/include/util/delay.h ****    user will not be informed about decreased resolution.
 119:/usr/local/CrossPack-AVR-20131216/avr/include/util/delay.h **** 
 120:/usr/local/CrossPack-AVR-20131216/avr/include/util/delay.h ****    If the avr-gcc toolchain has __builtin_avr_delay_cycles(unsigned long)
 121:/usr/local/CrossPack-AVR-20131216/avr/include/util/delay.h ****    support, maximal possible delay is 4294967.295 ms/ F_CPU in MHz. For
 122:/usr/local/CrossPack-AVR-20131216/avr/include/util/delay.h ****    values greater than the maximal possible delay, overflows results in
 123:/usr/local/CrossPack-AVR-20131216/avr/include/util/delay.h ****    no delay i.e., 0ms.
 124:/usr/local/CrossPack-AVR-20131216/avr/include/util/delay.h **** 
 125:/usr/local/CrossPack-AVR-20131216/avr/include/util/delay.h ****    Conversion of __us into clock cycles may not always result in integer.
 126:/usr/local/CrossPack-AVR-20131216/avr/include/util/delay.h ****    By default, the clock cycles rounded up to next integer. This ensures that
 127:/usr/local/CrossPack-AVR-20131216/avr/include/util/delay.h ****    the user gets atleast __us microseconds of delay.
 128:/usr/local/CrossPack-AVR-20131216/avr/include/util/delay.h **** 
 129:/usr/local/CrossPack-AVR-20131216/avr/include/util/delay.h ****    Alternatively, user can define __DELAY_ROUND_DOWN__ and __DELAY_ROUND_CLOSEST__
 130:/usr/local/CrossPack-AVR-20131216/avr/include/util/delay.h ****    to round down and round to closest integer.
 131:/usr/local/CrossPack-AVR-20131216/avr/include/util/delay.h **** 
 132:/usr/local/CrossPack-AVR-20131216/avr/include/util/delay.h ****    Note: The new implementation of _delay_ms(double __ms) with 
 133:/usr/local/CrossPack-AVR-20131216/avr/include/util/delay.h ****     __builtin_avr_delay_cycles(unsigned long) support is not backward compatible. 
 134:/usr/local/CrossPack-AVR-20131216/avr/include/util/delay.h ****    User can define __DELAY_BACKWARD_COMPATIBLE__ to get a backward compatible delay.
 135:/usr/local/CrossPack-AVR-20131216/avr/include/util/delay.h ****    Also, the backward compatible
 136:/usr/local/CrossPack-AVR-20131216/avr/include/util/delay.h ****    algorithm will be chosen if the code is compiled in a <em>freestanding
 137:/usr/local/CrossPack-AVR-20131216/avr/include/util/delay.h ****    environment</em> (GCC option \c -ffreestanding), as the math functions
 138:/usr/local/CrossPack-AVR-20131216/avr/include/util/delay.h ****    required for rounding are not available to the compiler then.
 139:/usr/local/CrossPack-AVR-20131216/avr/include/util/delay.h **** 
 140:/usr/local/CrossPack-AVR-20131216/avr/include/util/delay.h ****  */
 141:/usr/local/CrossPack-AVR-20131216/avr/include/util/delay.h **** void
 142:/usr/local/CrossPack-AVR-20131216/avr/include/util/delay.h **** _delay_ms(double __ms)
 143:/usr/local/CrossPack-AVR-20131216/avr/include/util/delay.h **** {
 144:/usr/local/CrossPack-AVR-20131216/avr/include/util/delay.h **** 	double __tmp ; 
 145:/usr/local/CrossPack-AVR-20131216/avr/include/util/delay.h **** #if __HAS_DELAY_CYCLES && defined(__OPTIMIZE__) && \
 146:/usr/local/CrossPack-AVR-20131216/avr/include/util/delay.h ****   !defined(__DELAY_BACKWARD_COMPATIBLE__) &&	   \
 147:/usr/local/CrossPack-AVR-20131216/avr/include/util/delay.h ****   __STDC_HOSTED__
 148:/usr/local/CrossPack-AVR-20131216/avr/include/util/delay.h **** 	uint32_t __ticks_dc;
 149:/usr/local/CrossPack-AVR-20131216/avr/include/util/delay.h **** 	extern void __builtin_avr_delay_cycles(unsigned long);
 150:/usr/local/CrossPack-AVR-20131216/avr/include/util/delay.h **** 	__tmp = ((F_CPU) / 1e3) * __ms;
 151:/usr/local/CrossPack-AVR-20131216/avr/include/util/delay.h **** 
 152:/usr/local/CrossPack-AVR-20131216/avr/include/util/delay.h **** 	#if defined(__DELAY_ROUND_DOWN__)
 153:/usr/local/CrossPack-AVR-20131216/avr/include/util/delay.h **** 		__ticks_dc = (uint32_t)fabs(__tmp);
 154:/usr/local/CrossPack-AVR-20131216/avr/include/util/delay.h **** 
 155:/usr/local/CrossPack-AVR-20131216/avr/include/util/delay.h **** 	#elif defined(__DELAY_ROUND_CLOSEST__)
 156:/usr/local/CrossPack-AVR-20131216/avr/include/util/delay.h **** 		__ticks_dc = (uint32_t)(fabs(__tmp)+0.5);
 157:/usr/local/CrossPack-AVR-20131216/avr/include/util/delay.h **** 
 158:/usr/local/CrossPack-AVR-20131216/avr/include/util/delay.h **** 	#else
 159:/usr/local/CrossPack-AVR-20131216/avr/include/util/delay.h **** 		//round up by default
 160:/usr/local/CrossPack-AVR-20131216/avr/include/util/delay.h **** 		__ticks_dc = (uint32_t)(ceil(fabs(__tmp)));
 161:/usr/local/CrossPack-AVR-20131216/avr/include/util/delay.h **** 	#endif
 162:/usr/local/CrossPack-AVR-20131216/avr/include/util/delay.h **** 
 163:/usr/local/CrossPack-AVR-20131216/avr/include/util/delay.h **** 	__builtin_avr_delay_cycles(__ticks_dc);
  45               		.loc 2 163 0
  46 0012 2FEF      		ldi r18,lo8(1791999)
  47 0014 87E5      		ldi r24,hi8(1791999)
  48 0016 9BE1      		ldi r25,hlo8(1791999)
  49 0018 2150      		1: subi r18,1
  50 001a 8040      		sbci r24,0
  51 001c 9040      		sbci r25,0
  52 001e 01F4      		brne 1b
  53 0020 00C0      		rjmp .L10
  54               	.LVL3:
  55               	.L2:
  56               	.LBE27:
  57               	.LBE26:
  84:Watchdog.c    **** 		_delay_ms(DIT * 7);
  85:Watchdog.c    **** 		return;
  86:Watchdog.c    **** 	}
  87:Watchdog.c    **** 	if (c < 'A' || c > 'Z') {
  58               		.loc 1 87 0
  59 0022 8FEB      		ldi r24,lo8(-65)
  60               	.LVL4:
  61 0024 8C0F      		add r24,r28
  62 0026 8A31      		cpi r24,lo8(26)
  63 0028 00F0      		brlo .L4
  88:Watchdog.c    **** 		print("Opps, unsupported character: ");
  64               		.loc 1 88 0
  65 002a 80E0      		ldi r24,lo8(__c.1786)
  66 002c 90E0      		ldi r25,hi8(__c.1786)
  67 002e 0E94 0000 		call print_P
  68               	.LVL5:
  89:Watchdog.c    **** 		pchar(c);
  69               		.loc 1 89 0
  70 0032 8C2F      		mov r24,r28
  71 0034 0E94 0000 		call usb_debug_putchar
  72               	.LVL6:
  90:Watchdog.c    **** 		print("\n");
  73               		.loc 1 90 0
  74 0038 80E0      		ldi r24,lo8(__c.1788)
  75 003a 90E0      		ldi r25,hi8(__c.1788)
  76               	/* epilogue start */
  91:Watchdog.c    **** 		return;	
  92:Watchdog.c    **** 	}
  93:Watchdog.c    **** 	print("Char ");
  94:Watchdog.c    **** 	pchar(c);
  95:Watchdog.c    **** 	pchar(':');
  96:Watchdog.c    **** 	code = pgm_read_byte(morse_code_table + (c - 'A'));
  97:Watchdog.c    **** 	for (count = code & 0x07; count > 0; count--) {
  98:Watchdog.c    **** 		LED_ON;
  99:Watchdog.c    **** 		if (code & 0x80) {
 100:Watchdog.c    **** 			print(" bah");
 101:Watchdog.c    **** 			_delay_ms(DIT * 3);
 102:Watchdog.c    **** 		} else {
 103:Watchdog.c    **** 			print(" bit");
 104:Watchdog.c    **** 			_delay_ms(DIT);
 105:Watchdog.c    **** 		}
 106:Watchdog.c    **** 		LED_OFF;
 107:Watchdog.c    **** 		_delay_ms(DIT);
 108:Watchdog.c    **** 		code = code << 1;
 109:Watchdog.c    **** 	}
 110:Watchdog.c    **** 	print("\n");
 111:Watchdog.c    **** 	_delay_ms(DIT * 2);
 112:Watchdog.c    **** }
  77               		.loc 1 112 0
  78 003c DF91      		pop r29
  79 003e CF91      		pop r28
  80               	.LVL7:
  90:Watchdog.c    **** 		print("\n");
  81               		.loc 1 90 0
  82 0040 0C94 0000 		jmp print_P
  83               	.LVL8:
  84               	.L4:
  93:Watchdog.c    **** 	print("Char ");
  85               		.loc 1 93 0
  86 0044 80E0      		ldi r24,lo8(__c.1790)
  87 0046 90E0      		ldi r25,hi8(__c.1790)
  88 0048 0E94 0000 		call print_P
  89               	.LVL9:
  94:Watchdog.c    **** 	pchar(c);
  90               		.loc 1 94 0
  91 004c 8C2F      		mov r24,r28
  92 004e 0E94 0000 		call usb_debug_putchar
  93               	.LVL10:
  95:Watchdog.c    **** 	pchar(':');
  94               		.loc 1 95 0
  95 0052 8AE3      		ldi r24,lo8(58)
  96 0054 0E94 0000 		call usb_debug_putchar
  97               	.LVL11:
  98               	.LBB28:
  96:Watchdog.c    **** 	code = pgm_read_byte(morse_code_table + (c - 'A'));
  99               		.loc 1 96 0
 100 0058 EC2F      		mov r30,r28
 101 005a F0E0      		ldi r31,0
 102 005c E050      		subi r30,lo8(-(morse_code_table-65))
 103 005e F040      		sbci r31,hi8(-(morse_code_table-65))
 104               	/* #APP */
 105               	 ;  96 "Watchdog.c" 1
 106 0060 C491      		lpm r28, Z
 107               		
 108               	 ;  0 "" 2
 109               	.LVL12:
 110               	/* #NOAPP */
 111               	.LBE28:
  97:Watchdog.c    **** 	for (count = code & 0x07; count > 0; count--) {
 112               		.loc 1 97 0
 113 0062 DC2F      		mov r29,r28
 114 0064 D770      		andi r29,lo8(7)
 115               	.LVL13:
 116               	.L5:
  97:Watchdog.c    **** 	for (count = code & 0x07; count > 0; count--) {
 117               		.loc 1 97 0 is_stmt 0 discriminator 1
 118 0066 DD23      		tst r29
 119 0068 01F0      		breq .L12
  98:Watchdog.c    **** 		LED_ON;
 120               		.loc 1 98 0 is_stmt 1
 121 006a 5E9A      		sbi 0xb,6
  99:Watchdog.c    **** 		if (code & 0x80) {
 122               		.loc 1 99 0
 123 006c C7FF      		sbrs r28,7
 124 006e 00C0      		rjmp .L6
 100:Watchdog.c    **** 			print(" bah");
 125               		.loc 1 100 0
 126 0070 80E0      		ldi r24,lo8(__c.1795)
 127 0072 90E0      		ldi r25,hi8(__c.1795)
 128 0074 0E94 0000 		call print_P
 129               	.LVL14:
 130               	.LBB29:
 131               	.LBB30:
 132               		.loc 2 163 0
 133 0078 2FEF      		ldi r18,lo8(767999)
 134 007a 87EB      		ldi r24,hi8(767999)
 135 007c 9BE0      		ldi r25,hlo8(767999)
 136 007e 2150      		1: subi r18,1
 137 0080 8040      		sbci r24,0
 138 0082 9040      		sbci r25,0
 139 0084 01F4      		brne 1b
 140 0086 00C0      		rjmp .L9
 141               	.LVL15:
 142               	.L6:
 143               	.LBE30:
 144               	.LBE29:
 103:Watchdog.c    **** 			print(" bit");
 145               		.loc 1 103 0
 146 0088 80E0      		ldi r24,lo8(__c.1797)
 147 008a 90E0      		ldi r25,hi8(__c.1797)
 148 008c 0E94 0000 		call print_P
 149               	.LVL16:
 150               	.LBB31:
 151               	.LBB32:
 152               		.loc 2 163 0
 153 0090 2FEF      		ldi r18,lo8(255999)
 154 0092 87EE      		ldi r24,hi8(255999)
 155 0094 93E0      		ldi r25,hlo8(255999)
 156 0096 2150      		1: subi r18,1
 157 0098 8040      		sbci r24,0
 158 009a 9040      		sbci r25,0
 159 009c 01F4      		brne 1b
 160               	.LVL17:
 161               	.L9:
 162 009e 00C0      		rjmp .
 163 00a0 0000      		nop
 164               	.LBE32:
 165               	.LBE31:
 106:Watchdog.c    **** 		LED_OFF;
 166               		.loc 1 106 0
 167 00a2 5E98      		cbi 0xb,6
 168               	.LVL18:
 169               	.LBB33:
 170               	.LBB34:
 171               		.loc 2 163 0
 172 00a4 2FEF      		ldi r18,lo8(255999)
 173 00a6 87EE      		ldi r24,hi8(255999)
 174 00a8 93E0      		ldi r25,hlo8(255999)
 175 00aa 2150      		1: subi r18,1
 176 00ac 8040      		sbci r24,0
 177 00ae 9040      		sbci r25,0
 178 00b0 01F4      		brne 1b
 179 00b2 00C0      		rjmp .
 180 00b4 0000      		nop
 181               	.LBE34:
 182               	.LBE33:
 108:Watchdog.c    **** 		code = code << 1;
 183               		.loc 1 108 0
 184 00b6 CC0F      		lsl r28
 185               	.LVL19:
  97:Watchdog.c    **** 	for (count = code & 0x07; count > 0; count--) {
 186               		.loc 1 97 0
 187 00b8 D150      		subi r29,lo8(-(-1))
 188               	.LVL20:
 189 00ba 00C0      		rjmp .L5
 190               	.LVL21:
 191               	.L12:
 110:Watchdog.c    **** 	print("\n");
 192               		.loc 1 110 0
 193 00bc 80E0      		ldi r24,lo8(__c.1802)
 194 00be 90E0      		ldi r25,hi8(__c.1802)
 195 00c0 0E94 0000 		call print_P
 196               	.LVL22:
 197               	.LBB35:
 198               	.LBB36:
 199               		.loc 2 163 0
 200 00c4 2FEF      		ldi r18,lo8(511999)
 201 00c6 8FEC      		ldi r24,hi8(511999)
 202 00c8 97E0      		ldi r25,hlo8(511999)
 203 00ca 2150      		1: subi r18,1
 204 00cc 8040      		sbci r24,0
 205 00ce 9040      		sbci r25,0
 206 00d0 01F4      		brne 1b
 207               	.LVL23:
 208               	.L10:
 209 00d2 00C0      		rjmp .
 210 00d4 0000      		nop
 211               	/* epilogue start */
 212               	.LBE36:
 213               	.LBE35:
 214               		.loc 1 112 0
 215 00d6 DF91      		pop r29
 216 00d8 CF91      		pop r28
 217 00da 0895      		ret
 218               		.cfi_endproc
 219               	.LFE8:
 221               		.section	.text.morse_P,"ax",@progbits
 222               	.global	morse_P
 224               	morse_P:
 225               	.LFB9:
 113:Watchdog.c    **** 
 114:Watchdog.c    **** // blink an entire message in Morse code
 115:Watchdog.c    **** // the string must be in flash memory (using PSTR macro)
 116:Watchdog.c    **** void morse_P(const char *s)
 117:Watchdog.c    **** {
 226               		.loc 1 117 0
 227               		.cfi_startproc
 228               	.LVL24:
 229 0000 CF93      		push r28
 230               	.LCFI2:
 231               		.cfi_def_cfa_offset 3
 232               		.cfi_offset 28, -2
 233 0002 DF93      		push r29
 234               	.LCFI3:
 235               		.cfi_def_cfa_offset 4
 236               		.cfi_offset 29, -3
 237               	/* prologue: function */
 238               	/* frame size = 0 */
 239               	/* stack size = 2 */
 240               	.L__stack_usage = 2
 241 0004 FC01      		movw r30,r24
 242               	.LVL25:
 243               	.L15:
 244               	.LBB37:
 118:Watchdog.c    **** 	char c;
 119:Watchdog.c    **** 	
 120:Watchdog.c    **** 	while (1) {
 121:Watchdog.c    **** 		c = pgm_read_byte(s++);
 245               		.loc 1 121 0
 246               	/* #APP */
 247               	 ;  121 "Watchdog.c" 1
 248 0006 8491      		lpm r24, Z
 249               		
 250               	 ;  0 "" 2
 251               	.LVL26:
 252               	/* #NOAPP */
 253 0008 EF01      		movw r28,r30
 254 000a 2196      		adiw r28,1
 255               	.LVL27:
 256               	.LBE37:
 122:Watchdog.c    **** 		if (!c) break;
 257               		.loc 1 122 0
 258 000c 8823      		tst r24
 259 000e 01F0      		breq .L14
 123:Watchdog.c    **** 		morse_character(c);
 260               		.loc 1 123 0
 261 0010 0E94 0000 		call morse_character
 262               	.LVL28:
 263 0014 FE01      		movw r30,r28
 124:Watchdog.c    **** 	}
 264               		.loc 1 124 0
 265 0016 00C0      		rjmp .L15
 266               	.LVL29:
 267               	.L14:
 125:Watchdog.c    **** 	print("\n");
 268               		.loc 1 125 0
 269 0018 80E0      		ldi r24,lo8(__c.1813)
 270 001a 90E0      		ldi r25,hi8(__c.1813)
 271               	.LVL30:
 272               	/* epilogue start */
 126:Watchdog.c    **** }
 273               		.loc 1 126 0
 274 001c DF91      		pop r29
 275 001e CF91      		pop r28
 276               	.LVL31:
 125:Watchdog.c    **** 	print("\n");
 277               		.loc 1 125 0
 278 0020 0C94 0000 		jmp print_P
 279               	.LVL32:
 280               		.cfi_endproc
 281               	.LFE9:
 283               		.section	.text.startup.main,"ax",@progbits
 284               	.global	main
 286               	main:
 287               	.LFB7:
  52:Watchdog.c    **** {
 288               		.loc 1 52 0
 289               		.cfi_startproc
 290               	/* prologue: function */
 291               	/* frame size = 0 */
 292               	/* stack size = 0 */
 293               	.L__stack_usage = 0
  56:Watchdog.c    **** 	CPU_PRESCALE(0);
 294               		.loc 1 56 0
 295 0000 80E8      		ldi r24,lo8(-128)
 296 0002 8093 6100 		sts 97,r24
 297 0006 1092 6100 		sts 97,__zero_reg__
  57:Watchdog.c    **** 	LED_CONFIG;
 298               		.loc 1 57 0
 299 000a 569A      		sbi 0xa,6
  58:Watchdog.c    **** 	LED_OFF;
 300               		.loc 1 58 0
 301 000c 5E98      		cbi 0xb,6
  64:Watchdog.c    **** 	usb_init();
 302               		.loc 1 64 0
 303 000e 0E94 0000 		call usb_init
 304               	.LVL33:
  68:Watchdog.c    **** 		for (i=0; i<6; i++) {
 305               		.loc 1 68 0
 306 0012 C0E0      		ldi r28,0
 307               	.L17:
 308               	.LVL34:
  68:Watchdog.c    **** 		for (i=0; i<6; i++) {
 309               		.loc 1 68 0 is_stmt 0 discriminator 1
 310 0014 C630      		cpi r28,lo8(6)
 311 0016 00F4      		brsh .L20
 312               	.LVL35:
 313               	.L18:
  69:Watchdog.c    **** 			morse_P(PSTR("SOS"));
 314               		.loc 1 69 0 is_stmt 1 discriminator 2
 315 0018 80E0      		ldi r24,lo8(__c.1771)
 316 001a 90E0      		ldi r25,hi8(__c.1771)
 317 001c 0E94 0000 		call morse_P
 318               	.LVL36:
 319               	.LBB38:
 320               	.LBB39:
 321               		.loc 2 163 0 discriminator 2
 322 0020 2FEF      		ldi r18,lo8(4799999)
 323 0022 8DE3      		ldi r24,hi8(4799999)
 324 0024 99E4      		ldi r25,hlo8(4799999)
 325 0026 2150      		1: subi r18,1
 326 0028 8040      		sbci r24,0
 327 002a 9040      		sbci r25,0
 328 002c 01F4      		brne 1b
 329 002e 00C0      		rjmp .
 330 0030 0000      		nop
 331               	.LBE39:
 332               	.LBE38:
  68:Watchdog.c    **** 		for (i=0; i<6; i++) {
 333               		.loc 1 68 0 discriminator 2
 334 0032 CF5F      		subi r28,lo8(-(1))
 335               	.LVL37:
 336 0034 00C0      		rjmp .L17
 337               	.LVL38:
 338               	.L20:
  72:Watchdog.c    **** 		morse_P(PSTR("DOES ANYBODY STILL KNOW MORSE CODE?"));
 339               		.loc 1 72 0
 340 0036 80E0      		ldi r24,lo8(__c.1776)
 341 0038 90E0      		ldi r25,hi8(__c.1776)
 342 003a 0E94 0000 		call morse_P
 343               	.LVL39:
 344               	.LBB40:
 345               	.LBB41:
 346               		.loc 2 163 0
 347 003e 2FEF      		ldi r18,lo8(12799999)
 348 0040 8FE4      		ldi r24,hi8(12799999)
 349 0042 93EC      		ldi r25,hlo8(12799999)
 350 0044 2150      		1: subi r18,1
 351 0046 8040      		sbci r24,0
 352 0048 9040      		sbci r25,0
 353 004a 01F4      		brne 1b
 354 004c 00C0      		rjmp .
 355 004e 0000      		nop
 356               	.LBE41:
 357               	.LBE40:
  68:Watchdog.c    **** 		for (i=0; i<6; i++) {
 358               		.loc 1 68 0
 359 0050 C0E0      		ldi r28,0
 360               	.LVL40:
 361 0052 00C0      		rjmp .L18
 362               		.cfi_endproc
 363               	.LFE7:
 365               		.section	.progmem.data,"a",@progbits
 368               	__c.1813:
 369 0000 0A00      		.string	"\n"
 372               	__c.1802:
 373 0002 0A00      		.string	"\n"
 376               	__c.1797:
 377 0004 2062 6974 		.string	" bit"
 377      00
 380               	__c.1795:
 381 0009 2062 6168 		.string	" bah"
 381      00
 384               	__c.1790:
 385 000e 4368 6172 		.string	"Char "
 385      2000 
 388               	__c.1788:
 389 0014 0A00      		.string	"\n"
 392               	__c.1786:
 393 0016 4F70 7073 		.string	"Opps, unsupported character: "
 393      2C20 756E 
 393      7375 7070 
 393      6F72 7465 
 393      6420 6368 
 396               	__c.1784:
 397 0034 5370 6163 		.string	"Space\n"
 397      650A 00
 400               	__c.1776:
 401 003b 444F 4553 		.string	"DOES ANYBODY STILL KNOW MORSE CODE?"
 401      2041 4E59 
 401      424F 4459 
 401      2053 5449 
 401      4C4C 204B 
 404               	__c.1771:
 405 005f 534F 5300 		.string	"SOS"
 406               	.global	morse_code_table
 409               	morse_code_table:
 410 0063 42        		.byte	66
 411 0064 84        		.byte	-124
 412 0065 A4        		.byte	-92
 413 0066 83        		.byte	-125
 414 0067 01        		.byte	1
 415 0068 24        		.byte	36
 416 0069 C3        		.byte	-61
 417 006a 04        		.byte	4
 418 006b 02        		.byte	2
 419 006c 74        		.byte	116
 420 006d A3        		.byte	-93
 421 006e 44        		.byte	68
 422 006f C2        		.byte	-62
 423 0070 82        		.byte	-126
 424 0071 E3        		.byte	-29
 425 0072 64        		.byte	100
 426 0073 D4        		.byte	-44
 427 0074 43        		.byte	67
 428 0075 03        		.byte	3
 429 0076 81        		.byte	-127
 430 0077 23        		.byte	35
 431 0078 14        		.byte	20
 432 0079 63        		.byte	99
 433 007a 94        		.byte	-108
 434 007b B4        		.byte	-76
 435 007c C4        		.byte	-60
 436               		.text
 437               	.Letext0:
 438               		.file 3 "/usr/local/CrossPack-AVR-20131216/avr/include/stdint.h"
 439               		.file 4 "usb_debug_only.h"
 440               		.file 5 "print.h"
DEFINED SYMBOLS
                            *ABS*:00000000 Watchdog.c
/var/folders/8r/0fdlnc995dl_vxqd6srx06ch0000gn/T//ccqWkOoX.s:2      *ABS*:0000003e __SP_H__
/var/folders/8r/0fdlnc995dl_vxqd6srx06ch0000gn/T//ccqWkOoX.s:3      *ABS*:0000003d __SP_L__
/var/folders/8r/0fdlnc995dl_vxqd6srx06ch0000gn/T//ccqWkOoX.s:4      *ABS*:0000003f __SREG__
/var/folders/8r/0fdlnc995dl_vxqd6srx06ch0000gn/T//ccqWkOoX.s:5      *ABS*:0000003b __RAMPZ__
/var/folders/8r/0fdlnc995dl_vxqd6srx06ch0000gn/T//ccqWkOoX.s:6      *ABS*:00000000 __tmp_reg__
/var/folders/8r/0fdlnc995dl_vxqd6srx06ch0000gn/T//ccqWkOoX.s:7      *ABS*:00000001 __zero_reg__
/var/folders/8r/0fdlnc995dl_vxqd6srx06ch0000gn/T//ccqWkOoX.s:14     .text.morse_character:00000000 morse_character
/var/folders/8r/0fdlnc995dl_vxqd6srx06ch0000gn/T//ccqWkOoX.s:396    .progmem.data:00000034 __c.1784
/var/folders/8r/0fdlnc995dl_vxqd6srx06ch0000gn/T//ccqWkOoX.s:392    .progmem.data:00000016 __c.1786
/var/folders/8r/0fdlnc995dl_vxqd6srx06ch0000gn/T//ccqWkOoX.s:388    .progmem.data:00000014 __c.1788
/var/folders/8r/0fdlnc995dl_vxqd6srx06ch0000gn/T//ccqWkOoX.s:384    .progmem.data:0000000e __c.1790
/var/folders/8r/0fdlnc995dl_vxqd6srx06ch0000gn/T//ccqWkOoX.s:409    .progmem.data:00000063 morse_code_table
/var/folders/8r/0fdlnc995dl_vxqd6srx06ch0000gn/T//ccqWkOoX.s:380    .progmem.data:00000009 __c.1795
/var/folders/8r/0fdlnc995dl_vxqd6srx06ch0000gn/T//ccqWkOoX.s:376    .progmem.data:00000004 __c.1797
/var/folders/8r/0fdlnc995dl_vxqd6srx06ch0000gn/T//ccqWkOoX.s:372    .progmem.data:00000002 __c.1802
/var/folders/8r/0fdlnc995dl_vxqd6srx06ch0000gn/T//ccqWkOoX.s:224    .text.morse_P:00000000 morse_P
/var/folders/8r/0fdlnc995dl_vxqd6srx06ch0000gn/T//ccqWkOoX.s:368    .progmem.data:00000000 __c.1813
/var/folders/8r/0fdlnc995dl_vxqd6srx06ch0000gn/T//ccqWkOoX.s:286    .text.startup.main:00000000 main
/var/folders/8r/0fdlnc995dl_vxqd6srx06ch0000gn/T//ccqWkOoX.s:404    .progmem.data:0000005f __c.1771
/var/folders/8r/0fdlnc995dl_vxqd6srx06ch0000gn/T//ccqWkOoX.s:400    .progmem.data:0000003b __c.1776

UNDEFINED SYMBOLS
print_P
usb_debug_putchar
usb_init
